Copyright 1986-2022 Xilinx, Inc. All Rights Reserved.
------------------------------------------------------------------------------------------------------------------------------------
| Tool Version : Vivado v.2022.2 (win64) Build 3671981 Fri Oct 14 05:00:03 MDT 2022
| Date         : Fri Dec  8 10:41:05 2023
| Host         : LAPTOP-G5II2H4B running 64-bit major release  (build 9200)
| Command      : report_drc -file mb_usb_hdmi_top_drc_opted.rpt -pb mb_usb_hdmi_top_drc_opted.pb -rpx mb_usb_hdmi_top_drc_opted.rpx
| Design       : mb_usb_hdmi_top
| Device       : xc7s50csga324-1
| Speed File   : -1
| Design State : Synthesized
------------------------------------------------------------------------------------------------------------------------------------

Report DRC

Table of Contents
-----------------
1. REPORT SUMMARY
2. REPORT DETAILS

1. REPORT SUMMARY
-----------------
            Netlist: netlist
          Floorplan: design_1
      Design limits: <entire design considered>
           Ruledeck: default
             Max violations: <unlimited>
             Violations found: 108
+-----------+----------+-----------------------------------------------------+------------+
| Rule      | Severity | Description                                         | Violations |
+-----------+----------+-----------------------------------------------------+------------+
| CFGBVS-1  | Warning  | Missing CFGBVS and CONFIG_VOLTAGE Design Properties | 1          |
| CHECK-3   | Warning  | Report rule limit reached                           | 1          |
| DPIP-1    | Warning  | Input pipelining                                    | 86         |
| REQP-1840 | Warning  | RAMB18 async control check                          | 20         |
+-----------+----------+-----------------------------------------------------+------------+

2. REPORT DETAILS
-----------------
CFGBVS-1#1 Warning
Missing CFGBVS and CONFIG_VOLTAGE Design Properties  
Neither the CFGBVS nor CONFIG_VOLTAGE voltage property is set in the current_design.  Configuration bank voltage select (CFGBVS) must be set to VCCO or GND, and CONFIG_VOLTAGE must be set to the correct configuration voltage, in order to determine the I/O voltage support for the pins in bank 0.  It is suggested to specify these either using the 'Edit Device Properties' function in the GUI or directly in the XDC file using the following syntax:

 set_property CFGBVS value1 [current_design]
 #where value1 is either VCCO or GND

 set_property CONFIG_VOLTAGE value2 [current_design]
 #where value2 is the voltage provided to configuration bank 0

Refer to the device configuration user guide for more information.
Related violations: <none>

CHECK-3#1 Warning
Report rule limit reached  
REQP-1840 rule limit reached: 20 violations have been found.
Related violations: <none>

DPIP-1#1 Warning
Input pipelining  
DSP color_instance/barrel2_address input color_instance/barrel2_address/A[29:0] is not pipelined. Pipelining DSP48 input will improve performance.
Related violations: <none>

DPIP-1#2 Warning
Input pipelining  
DSP color_instance/barrel2_address input color_instance/barrel2_address/B[17:0] is not pipelined. Pipelining DSP48 input will improve performance.
Related violations: <none>

DPIP-1#3 Warning
Input pipelining  
DSP color_instance/barrel3_address input color_instance/barrel3_address/A[29:0] is not pipelined. Pipelining DSP48 input will improve performance.
Related violations: <none>

DPIP-1#4 Warning
Input pipelining  
DSP color_instance/barrel3_address input color_instance/barrel3_address/B[17:0] is not pipelined. Pipelining DSP48 input will improve performance.
Related violations: <none>

DPIP-1#5 Warning
Input pipelining  
DSP color_instance/barrel4_address input color_instance/barrel4_address/A[29:0] is not pipelined. Pipelining DSP48 input will improve performance.
Related violations: <none>

DPIP-1#6 Warning
Input pipelining  
DSP color_instance/barrel4_address input color_instance/barrel4_address/B[17:0] is not pipelined. Pipelining DSP48 input will improve performance.
Related violations: <none>

DPIP-1#7 Warning
Input pipelining  
DSP color_instance/barrel5_address input color_instance/barrel5_address/A[29:0] is not pipelined. Pipelining DSP48 input will improve performance.
Related violations: <none>

DPIP-1#8 Warning
Input pipelining  
DSP color_instance/barrel5_address input color_instance/barrel5_address/B[17:0] is not pipelined. Pipelining DSP48 input will improve performance.
Related violations: <none>

DPIP-1#9 Warning
Input pipelining  
DSP color_instance/barrel_address input color_instance/barrel_address/A[29:0] is not pipelined. Pipelining DSP48 input will improve performance.
Related violations: <none>

DPIP-1#10 Warning
Input pipelining  
DSP color_instance/barrel_address input color_instance/barrel_address/B[17:0] is not pipelined. Pipelining DSP48 input will improve performance.
Related violations: <none>

DPIP-1#11 Warning
Input pipelining  
DSP color_instance/dk_address input color_instance/dk_address/B[17:0] is not pipelined. Pipelining DSP48 input will improve performance.
Related violations: <none>

DPIP-1#12 Warning
Input pipelining  
DSP color_instance/jump_on2__0 input color_instance/jump_on2__0/A[29:0] is not pipelined. Pipelining DSP48 input will improve performance.
Related violations: <none>

DPIP-1#13 Warning
Input pipelining  
DSP color_instance/jump_on2__0 input color_instance/jump_on2__0/B[17:0] is not pipelined. Pipelining DSP48 input will improve performance.
Related violations: <none>

DPIP-1#14 Warning
Input pipelining  
DSP color_instance/jump_on2__1 input color_instance/jump_on2__1/A[29:0] is not pipelined. Pipelining DSP48 input will improve performance.
Related violations: <none>

DPIP-1#15 Warning
Input pipelining  
DSP color_instance/jump_on2__1 input color_instance/jump_on2__1/B[17:0] is not pipelined. Pipelining DSP48 input will improve performance.
Related violations: <none>

DPIP-1#16 Warning
Input pipelining  
DSP color_instance/jump_on2__2 input color_instance/jump_on2__2/A[29:0] is not pipelined. Pipelining DSP48 input will improve performance.
Related violations: <none>

DPIP-1#17 Warning
Input pipelining  
DSP color_instance/jump_on2__2 input color_instance/jump_on2__2/B[17:0] is not pipelined. Pipelining DSP48 input will improve performance.
Related violations: <none>

DPIP-1#18 Warning
Input pipelining  
DSP color_instance/jump_on2__3 input color_instance/jump_on2__3/A[29:0] is not pipelined. Pipelining DSP48 input will improve performance.
Related violations: <none>

DPIP-1#19 Warning
Input pipelining  
DSP color_instance/jump_on2__3 input color_instance/jump_on2__3/B[17:0] is not pipelined. Pipelining DSP48 input will improve performance.
Related violations: <none>

DPIP-1#20 Warning
Input pipelining  
DSP color_instance/jump_on2__4 input color_instance/jump_on2__4/A[29:0] is not pipelined. Pipelining DSP48 input will improve performance.
Related violations: <none>

DPIP-1#21 Warning
Input pipelining  
DSP color_instance/jump_on2__4 input color_instance/jump_on2__4/B[17:0] is not pipelined. Pipelining DSP48 input will improve performance.
Related violations: <none>

DPIP-1#22 Warning
Input pipelining  
DSP color_instance/jump_on2__5 input color_instance/jump_on2__5/A[29:0] is not pipelined. Pipelining DSP48 input will improve performance.
Related violations: <none>

DPIP-1#23 Warning
Input pipelining  
DSP color_instance/jump_on2__5 input color_instance/jump_on2__5/B[17:0] is not pipelined. Pipelining DSP48 input will improve performance.
Related violations: <none>

DPIP-1#24 Warning
Input pipelining  
DSP color_instance/jump_on3 input color_instance/jump_on3/A[29:0] is not pipelined. Pipelining DSP48 input will improve performance.
Related violations: <none>

DPIP-1#25 Warning
Input pipelining  
DSP color_instance/jump_on3 input color_instance/jump_on3/B[17:0] is not pipelined. Pipelining DSP48 input will improve performance.
Related violations: <none>

DPIP-1#26 Warning
Input pipelining  
DSP color_instance/jump_on3__0 input color_instance/jump_on3__0/A[29:0] is not pipelined. Pipelining DSP48 input will improve performance.
Related violations: <none>

DPIP-1#27 Warning
Input pipelining  
DSP color_instance/jump_on3__0 input color_instance/jump_on3__0/B[17:0] is not pipelined. Pipelining DSP48 input will improve performance.
Related violations: <none>

DPIP-1#28 Warning
Input pipelining  
DSP color_instance/jump_on3__1 input color_instance/jump_on3__1/A[29:0] is not pipelined. Pipelining DSP48 input will improve performance.
Related violations: <none>

DPIP-1#29 Warning
Input pipelining  
DSP color_instance/jump_on3__1 input color_instance/jump_on3__1/B[17:0] is not pipelined. Pipelining DSP48 input will improve performance.
Related violations: <none>

DPIP-1#30 Warning
Input pipelining  
DSP color_instance/jump_on3__10 input color_instance/jump_on3__10/A[29:0] is not pipelined. Pipelining DSP48 input will improve performance.
Related violations: <none>

DPIP-1#31 Warning
Input pipelining  
DSP color_instance/jump_on3__10 input color_instance/jump_on3__10/B[17:0] is not pipelined. Pipelining DSP48 input will improve performance.
Related violations: <none>

DPIP-1#32 Warning
Input pipelining  
DSP color_instance/jump_on3__11 input color_instance/jump_on3__11/A[29:0] is not pipelined. Pipelining DSP48 input will improve performance.
Related violations: <none>

DPIP-1#33 Warning
Input pipelining  
DSP color_instance/jump_on3__11 input color_instance/jump_on3__11/B[17:0] is not pipelined. Pipelining DSP48 input will improve performance.
Related violations: <none>

DPIP-1#34 Warning
Input pipelining  
DSP color_instance/jump_on3__12 input color_instance/jump_on3__12/A[29:0] is not pipelined. Pipelining DSP48 input will improve performance.
Related violations: <none>

DPIP-1#35 Warning
Input pipelining  
DSP color_instance/jump_on3__12 input color_instance/jump_on3__12/B[17:0] is not pipelined. Pipelining DSP48 input will improve performance.
Related violations: <none>

DPIP-1#36 Warning
Input pipelining  
DSP color_instance/jump_on3__13 input color_instance/jump_on3__13/A[29:0] is not pipelined. Pipelining DSP48 input will improve performance.
Related violations: <none>

DPIP-1#37 Warning
Input pipelining  
DSP color_instance/jump_on3__13 input color_instance/jump_on3__13/B[17:0] is not pipelined. Pipelining DSP48 input will improve performance.
Related violations: <none>

DPIP-1#38 Warning
Input pipelining  
DSP color_instance/jump_on3__14 input color_instance/jump_on3__14/A[29:0] is not pipelined. Pipelining DSP48 input will improve performance.
Related violations: <none>

DPIP-1#39 Warning
Input pipelining  
DSP color_instance/jump_on3__14 input color_instance/jump_on3__14/B[17:0] is not pipelined. Pipelining DSP48 input will improve performance.
Related violations: <none>

DPIP-1#40 Warning
Input pipelining  
DSP color_instance/jump_on3__15 input color_instance/jump_on3__15/A[29:0] is not pipelined. Pipelining DSP48 input will improve performance.
Related violations: <none>

DPIP-1#41 Warning
Input pipelining  
DSP color_instance/jump_on3__15 input color_instance/jump_on3__15/B[17:0] is not pipelined. Pipelining DSP48 input will improve performance.
Related violations: <none>

DPIP-1#42 Warning
Input pipelining  
DSP color_instance/jump_on3__16 input color_instance/jump_on3__16/A[29:0] is not pipelined. Pipelining DSP48 input will improve performance.
Related violations: <none>

DPIP-1#43 Warning
Input pipelining  
DSP color_instance/jump_on3__16 input color_instance/jump_on3__16/B[17:0] is not pipelined. Pipelining DSP48 input will improve performance.
Related violations: <none>

DPIP-1#44 Warning
Input pipelining  
DSP color_instance/jump_on3__17 input color_instance/jump_on3__17/A[29:0] is not pipelined. Pipelining DSP48 input will improve performance.
Related violations: <none>

DPIP-1#45 Warning
Input pipelining  
DSP color_instance/jump_on3__17 input color_instance/jump_on3__17/B[17:0] is not pipelined. Pipelining DSP48 input will improve performance.
Related violations: <none>

DPIP-1#46 Warning
Input pipelining  
DSP color_instance/jump_on3__18 input color_instance/jump_on3__18/A[29:0] is not pipelined. Pipelining DSP48 input will improve performance.
Related violations: <none>

DPIP-1#47 Warning
Input pipelining  
DSP color_instance/jump_on3__18 input color_instance/jump_on3__18/B[17:0] is not pipelined. Pipelining DSP48 input will improve performance.
Related violations: <none>

DPIP-1#48 Warning
Input pipelining  
DSP color_instance/jump_on3__19 input color_instance/jump_on3__19/A[29:0] is not pipelined. Pipelining DSP48 input will improve performance.
Related violations: <none>

DPIP-1#49 Warning
Input pipelining  
DSP color_instance/jump_on3__19 input color_instance/jump_on3__19/B[17:0] is not pipelined. Pipelining DSP48 input will improve performance.
Related violations: <none>

DPIP-1#50 Warning
Input pipelining  
DSP color_instance/jump_on3__2 input color_instance/jump_on3__2/A[29:0] is not pipelined. Pipelining DSP48 input will improve performance.
Related violations: <none>

DPIP-1#51 Warning
Input pipelining  
DSP color_instance/jump_on3__2 input color_instance/jump_on3__2/B[17:0] is not pipelined. Pipelining DSP48 input will improve performance.
Related violations: <none>

DPIP-1#52 Warning
Input pipelining  
DSP color_instance/jump_on3__20 input color_instance/jump_on3__20/A[29:0] is not pipelined. Pipelining DSP48 input will improve performance.
Related violations: <none>

DPIP-1#53 Warning
Input pipelining  
DSP color_instance/jump_on3__20 input color_instance/jump_on3__20/B[17:0] is not pipelined. Pipelining DSP48 input will improve performance.
Related violations: <none>

DPIP-1#54 Warning
Input pipelining  
DSP color_instance/jump_on3__21 input color_instance/jump_on3__21/A[29:0] is not pipelined. Pipelining DSP48 input will improve performance.
Related violations: <none>

DPIP-1#55 Warning
Input pipelining  
DSP color_instance/jump_on3__21 input color_instance/jump_on3__21/B[17:0] is not pipelined. Pipelining DSP48 input will improve performance.
Related violations: <none>

DPIP-1#56 Warning
Input pipelining  
DSP color_instance/jump_on3__22 input color_instance/jump_on3__22/A[29:0] is not pipelined. Pipelining DSP48 input will improve performance.
Related violations: <none>

DPIP-1#57 Warning
Input pipelining  
DSP color_instance/jump_on3__22 input color_instance/jump_on3__22/B[17:0] is not pipelined. Pipelining DSP48 input will improve performance.
Related violations: <none>

DPIP-1#58 Warning
Input pipelining  
DSP color_instance/jump_on3__3 input color_instance/jump_on3__3/A[29:0] is not pipelined. Pipelining DSP48 input will improve performance.
Related violations: <none>

DPIP-1#59 Warning
Input pipelining  
DSP color_instance/jump_on3__3 input color_instance/jump_on3__3/B[17:0] is not pipelined. Pipelining DSP48 input will improve performance.
Related violations: <none>

DPIP-1#60 Warning
Input pipelining  
DSP color_instance/jump_on3__4 input color_instance/jump_on3__4/A[29:0] is not pipelined. Pipelining DSP48 input will improve performance.
Related violations: <none>

DPIP-1#61 Warning
Input pipelining  
DSP color_instance/jump_on3__4 input color_instance/jump_on3__4/B[17:0] is not pipelined. Pipelining DSP48 input will improve performance.
Related violations: <none>

DPIP-1#62 Warning
Input pipelining  
DSP color_instance/jump_on3__5 input color_instance/jump_on3__5/A[29:0] is not pipelined. Pipelining DSP48 input will improve performance.
Related violations: <none>

DPIP-1#63 Warning
Input pipelining  
DSP color_instance/jump_on3__5 input color_instance/jump_on3__5/B[17:0] is not pipelined. Pipelining DSP48 input will improve performance.
Related violations: <none>

DPIP-1#64 Warning
Input pipelining  
DSP color_instance/jump_on3__6 input color_instance/jump_on3__6/A[29:0] is not pipelined. Pipelining DSP48 input will improve performance.
Related violations: <none>

DPIP-1#65 Warning
Input pipelining  
DSP color_instance/jump_on3__6 input color_instance/jump_on3__6/B[17:0] is not pipelined. Pipelining DSP48 input will improve performance.
Related violations: <none>

DPIP-1#66 Warning
Input pipelining  
DSP color_instance/jump_on3__7 input color_instance/jump_on3__7/A[29:0] is not pipelined. Pipelining DSP48 input will improve performance.
Related violations: <none>

DPIP-1#67 Warning
Input pipelining  
DSP color_instance/jump_on3__7 input color_instance/jump_on3__7/B[17:0] is not pipelined. Pipelining DSP48 input will improve performance.
Related violations: <none>

DPIP-1#68 Warning
Input pipelining  
DSP color_instance/jump_on3__8 input color_instance/jump_on3__8/A[29:0] is not pipelined. Pipelining DSP48 input will improve performance.
Related violations: <none>

DPIP-1#69 Warning
Input pipelining  
DSP color_instance/jump_on3__8 input color_instance/jump_on3__8/B[17:0] is not pipelined. Pipelining DSP48 input will improve performance.
Related violations: <none>

DPIP-1#70 Warning
Input pipelining  
DSP color_instance/jump_on3__9 input color_instance/jump_on3__9/A[29:0] is not pipelined. Pipelining DSP48 input will improve performance.
Related violations: <none>

DPIP-1#71 Warning
Input pipelining  
DSP color_instance/jump_on3__9 input color_instance/jump_on3__9/B[17:0] is not pipelined. Pipelining DSP48 input will improve performance.
Related violations: <none>

DPIP-1#72 Warning
Input pipelining  
DSP color_instance/mario_climb_address1 input color_instance/mario_climb_address1/A[29:0] is not pipelined. Pipelining DSP48 input will improve performance.
Related violations: <none>

DPIP-1#73 Warning
Input pipelining  
DSP color_instance/mario_idle_address1 input color_instance/mario_idle_address1/A[29:0] is not pipelined. Pipelining DSP48 input will improve performance.
Related violations: <none>

DPIP-1#74 Warning
Input pipelining  
DSP color_instance/mario_run1_address1 input color_instance/mario_run1_address1/A[29:0] is not pipelined. Pipelining DSP48 input will improve performance.
Related violations: <none>

DPIP-1#75 Warning
Input pipelining  
DSP color_instance/p_2_out input color_instance/p_2_out/A[29:0] is not pipelined. Pipelining DSP48 input will improve performance.
Related violations: <none>

DPIP-1#76 Warning
Input pipelining  
DSP color_instance/p_2_out input color_instance/p_2_out/B[17:0] is not pipelined. Pipelining DSP48 input will improve performance.
Related violations: <none>

DPIP-1#77 Warning
Input pipelining  
DSP color_instance/p_2_out input color_instance/p_2_out/C[47:0] is not pipelined. Pipelining DSP48 input will improve performance.
Related violations: <none>

DPIP-1#78 Warning
Input pipelining  
DSP color_instance/p_2_out__0 input color_instance/p_2_out__0/A[29:0] is not pipelined. Pipelining DSP48 input will improve performance.
Related violations: <none>

DPIP-1#79 Warning
Input pipelining  
DSP color_instance/p_2_out__0 input color_instance/p_2_out__0/B[17:0] is not pipelined. Pipelining DSP48 input will improve performance.
Related violations: <none>

DPIP-1#80 Warning
Input pipelining  
DSP color_instance/p_2_out__0 input color_instance/p_2_out__0/C[47:0] is not pipelined. Pipelining DSP48 input will improve performance.
Related violations: <none>

DPIP-1#81 Warning
Input pipelining  
DSP color_instance/p_2_out__1 input color_instance/p_2_out__1/A[29:0] is not pipelined. Pipelining DSP48 input will improve performance.
Related violations: <none>

DPIP-1#82 Warning
Input pipelining  
DSP color_instance/p_2_out__1 input color_instance/p_2_out__1/B[17:0] is not pipelined. Pipelining DSP48 input will improve performance.
Related violations: <none>

DPIP-1#83 Warning
Input pipelining  
DSP color_instance/p_2_out__1 input color_instance/p_2_out__1/C[47:0] is not pipelined. Pipelining DSP48 input will improve performance.
Related violations: <none>

DPIP-1#84 Warning
Input pipelining  
DSP color_instance/princess_address input color_instance/princess_address/B[17:0] is not pipelined. Pipelining DSP48 input will improve performance.
Related violations: <none>

DPIP-1#85 Warning
Input pipelining  
DSP color_instance/text_address input color_instance/text_address/A[29:0] is not pipelined. Pipelining DSP48 input will improve performance.
Related violations: <none>

DPIP-1#86 Warning
Input pipelining  
DSP color_instance/text_address input color_instance/text_address/C[47:0] is not pipelined. Pipelining DSP48 input will improve performance.
Related violations: <none>

REQP-1840#1 Warning
RAMB18 async control check  
The RAMB18E1 color_instance/mario_jump_info/data_Out_reg has an input control pin color_instance/mario_jump_info/data_Out_reg/ADDRARDADDR[13] (net: color_instance/mario_jump_info/ADDRARDADDR[9]) which is driven by a register (jumpman_instance/Direction_reg) that has an active asychronous set or reset. This may cause corruption of the memory contents and/or read values when the set/reset is asserted and is not analyzed by the default static timing analysis. It is suggested to eliminate the use of a set/reset to registers driving this RAMB pin or else use a synchronous reset in which the assertion of the reset is timed by default.
Related violations: <none>

REQP-1840#2 Warning
RAMB18 async control check  
The RAMB18E1 color_instance/mario_jump_info/data_Out_reg has an input control pin color_instance/mario_jump_info/data_Out_reg/ADDRARDADDR[13] (net: color_instance/mario_jump_info/ADDRARDADDR[9]) which is driven by a register (jumpman_instance/JumpX_reg[0]) that has an active asychronous set or reset. This may cause corruption of the memory contents and/or read values when the set/reset is asserted and is not analyzed by the default static timing analysis. It is suggested to eliminate the use of a set/reset to registers driving this RAMB pin or else use a synchronous reset in which the assertion of the reset is timed by default.
Related violations: <none>

REQP-1840#3 Warning
RAMB18 async control check  
The RAMB18E1 color_instance/mario_jump_info/data_Out_reg has an input control pin color_instance/mario_jump_info/data_Out_reg/ADDRARDADDR[13] (net: color_instance/mario_jump_info/ADDRARDADDR[9]) which is driven by a register (jumpman_instance/JumpX_reg[1]) that has an active asychronous set or reset. This may cause corruption of the memory contents and/or read values when the set/reset is asserted and is not analyzed by the default static timing analysis. It is suggested to eliminate the use of a set/reset to registers driving this RAMB pin or else use a synchronous reset in which the assertion of the reset is timed by default.
Related violations: <none>

REQP-1840#4 Warning
RAMB18 async control check  
The RAMB18E1 color_instance/mario_jump_info/data_Out_reg has an input control pin color_instance/mario_jump_info/data_Out_reg/ADDRARDADDR[13] (net: color_instance/mario_jump_info/ADDRARDADDR[9]) which is driven by a register (jumpman_instance/JumpX_reg[2]) that has an active asychronous set or reset. This may cause corruption of the memory contents and/or read values when the set/reset is asserted and is not analyzed by the default static timing analysis. It is suggested to eliminate the use of a set/reset to registers driving this RAMB pin or else use a synchronous reset in which the assertion of the reset is timed by default.
Related violations: <none>

REQP-1840#5 Warning
RAMB18 async control check  
The RAMB18E1 color_instance/mario_jump_info/data_Out_reg has an input control pin color_instance/mario_jump_info/data_Out_reg/ADDRARDADDR[13] (net: color_instance/mario_jump_info/ADDRARDADDR[9]) which is driven by a register (jumpman_instance/JumpX_reg[3]) that has an active asychronous set or reset. This may cause corruption of the memory contents and/or read values when the set/reset is asserted and is not analyzed by the default static timing analysis. It is suggested to eliminate the use of a set/reset to registers driving this RAMB pin or else use a synchronous reset in which the assertion of the reset is timed by default.
Related violations: <none>

REQP-1840#6 Warning
RAMB18 async control check  
The RAMB18E1 color_instance/mario_jump_info/data_Out_reg has an input control pin color_instance/mario_jump_info/data_Out_reg/ADDRARDADDR[13] (net: color_instance/mario_jump_info/ADDRARDADDR[9]) which is driven by a register (jumpman_instance/JumpX_reg[4]) that has an active asychronous set or reset. This may cause corruption of the memory contents and/or read values when the set/reset is asserted and is not analyzed by the default static timing analysis. It is suggested to eliminate the use of a set/reset to registers driving this RAMB pin or else use a synchronous reset in which the assertion of the reset is timed by default.
Related violations: <none>

REQP-1840#7 Warning
RAMB18 async control check  
The RAMB18E1 color_instance/mario_jump_info/data_Out_reg has an input control pin color_instance/mario_jump_info/data_Out_reg/ADDRARDADDR[13] (net: color_instance/mario_jump_info/ADDRARDADDR[9]) which is driven by a register (jumpman_instance/JumpX_reg[5]) that has an active asychronous set or reset. This may cause corruption of the memory contents and/or read values when the set/reset is asserted and is not analyzed by the default static timing analysis. It is suggested to eliminate the use of a set/reset to registers driving this RAMB pin or else use a synchronous reset in which the assertion of the reset is timed by default.
Related violations: <none>

REQP-1840#8 Warning
RAMB18 async control check  
The RAMB18E1 color_instance/mario_jump_info/data_Out_reg has an input control pin color_instance/mario_jump_info/data_Out_reg/ADDRARDADDR[13] (net: color_instance/mario_jump_info/ADDRARDADDR[9]) which is driven by a register (jumpman_instance/JumpX_reg[6]) that has an active asychronous set or reset. This may cause corruption of the memory contents and/or read values when the set/reset is asserted and is not analyzed by the default static timing analysis. It is suggested to eliminate the use of a set/reset to registers driving this RAMB pin or else use a synchronous reset in which the assertion of the reset is timed by default.
Related violations: <none>

REQP-1840#9 Warning
RAMB18 async control check  
The RAMB18E1 color_instance/mario_jump_info/data_Out_reg has an input control pin color_instance/mario_jump_info/data_Out_reg/ADDRARDADDR[13] (net: color_instance/mario_jump_info/ADDRARDADDR[9]) which is driven by a register (jumpman_instance/JumpX_reg[7]) that has an active asychronous set or reset. This may cause corruption of the memory contents and/or read values when the set/reset is asserted and is not analyzed by the default static timing analysis. It is suggested to eliminate the use of a set/reset to registers driving this RAMB pin or else use a synchronous reset in which the assertion of the reset is timed by default.
Related violations: <none>

REQP-1840#10 Warning
RAMB18 async control check  
The RAMB18E1 color_instance/mario_jump_info/data_Out_reg has an input control pin color_instance/mario_jump_info/data_Out_reg/ADDRARDADDR[13] (net: color_instance/mario_jump_info/ADDRARDADDR[9]) which is driven by a register (jumpman_instance/JumpX_reg[8]) that has an active asychronous set or reset. This may cause corruption of the memory contents and/or read values when the set/reset is asserted and is not analyzed by the default static timing analysis. It is suggested to eliminate the use of a set/reset to registers driving this RAMB pin or else use a synchronous reset in which the assertion of the reset is timed by default.
Related violations: <none>

REQP-1840#11 Warning
RAMB18 async control check  
The RAMB18E1 color_instance/mario_jump_info/data_Out_reg has an input control pin color_instance/mario_jump_info/data_Out_reg/ADDRARDADDR[13] (net: color_instance/mario_jump_info/ADDRARDADDR[9]) which is driven by a register (jumpman_instance/JumpX_reg[9]) that has an active asychronous set or reset. This may cause corruption of the memory contents and/or read values when the set/reset is asserted and is not analyzed by the default static timing analysis. It is suggested to eliminate the use of a set/reset to registers driving this RAMB pin or else use a synchronous reset in which the assertion of the reset is timed by default.
Related violations: <none>

REQP-1840#12 Warning
RAMB18 async control check  
The RAMB18E1 color_instance/mario_jump_info/data_Out_reg has an input control pin color_instance/mario_jump_info/data_Out_reg/ADDRARDADDR[13] (net: color_instance/mario_jump_info/ADDRARDADDR[9]) which is driven by a register (jumpman_instance/JumpY_reg[0]) that has an active asychronous set or reset. This may cause corruption of the memory contents and/or read values when the set/reset is asserted and is not analyzed by the default static timing analysis. It is suggested to eliminate the use of a set/reset to registers driving this RAMB pin or else use a synchronous reset in which the assertion of the reset is timed by default.
Related violations: <none>

REQP-1840#13 Warning
RAMB18 async control check  
The RAMB18E1 color_instance/mario_jump_info/data_Out_reg has an input control pin color_instance/mario_jump_info/data_Out_reg/ADDRARDADDR[13] (net: color_instance/mario_jump_info/ADDRARDADDR[9]) which is driven by a register (jumpman_instance/JumpY_reg[1]) that has an active asychronous set or reset. This may cause corruption of the memory contents and/or read values when the set/reset is asserted and is not analyzed by the default static timing analysis. It is suggested to eliminate the use of a set/reset to registers driving this RAMB pin or else use a synchronous reset in which the assertion of the reset is timed by default.
Related violations: <none>

REQP-1840#14 Warning
RAMB18 async control check  
The RAMB18E1 color_instance/mario_jump_info/data_Out_reg has an input control pin color_instance/mario_jump_info/data_Out_reg/ADDRARDADDR[13] (net: color_instance/mario_jump_info/ADDRARDADDR[9]) which is driven by a register (jumpman_instance/JumpY_reg[2]) that has an active asychronous set or reset. This may cause corruption of the memory contents and/or read values when the set/reset is asserted and is not analyzed by the default static timing analysis. It is suggested to eliminate the use of a set/reset to registers driving this RAMB pin or else use a synchronous reset in which the assertion of the reset is timed by default.
Related violations: <none>

REQP-1840#15 Warning
RAMB18 async control check  
The RAMB18E1 color_instance/mario_jump_info/data_Out_reg has an input control pin color_instance/mario_jump_info/data_Out_reg/ADDRARDADDR[13] (net: color_instance/mario_jump_info/ADDRARDADDR[9]) which is driven by a register (jumpman_instance/JumpY_reg[3]) that has an active asychronous set or reset. This may cause corruption of the memory contents and/or read values when the set/reset is asserted and is not analyzed by the default static timing analysis. It is suggested to eliminate the use of a set/reset to registers driving this RAMB pin or else use a synchronous reset in which the assertion of the reset is timed by default.
Related violations: <none>

REQP-1840#16 Warning
RAMB18 async control check  
The RAMB18E1 color_instance/mario_jump_info/data_Out_reg has an input control pin color_instance/mario_jump_info/data_Out_reg/ADDRARDADDR[13] (net: color_instance/mario_jump_info/ADDRARDADDR[9]) which is driven by a register (jumpman_instance/JumpY_reg[4]) that has an active asychronous set or reset. This may cause corruption of the memory contents and/or read values when the set/reset is asserted and is not analyzed by the default static timing analysis. It is suggested to eliminate the use of a set/reset to registers driving this RAMB pin or else use a synchronous reset in which the assertion of the reset is timed by default.
Related violations: <none>

REQP-1840#17 Warning
RAMB18 async control check  
The RAMB18E1 color_instance/mario_jump_info/data_Out_reg has an input control pin color_instance/mario_jump_info/data_Out_reg/ADDRARDADDR[13] (net: color_instance/mario_jump_info/ADDRARDADDR[9]) which is driven by a register (jumpman_instance/JumpY_reg[5]) that has an active asychronous set or reset. This may cause corruption of the memory contents and/or read values when the set/reset is asserted and is not analyzed by the default static timing analysis. It is suggested to eliminate the use of a set/reset to registers driving this RAMB pin or else use a synchronous reset in which the assertion of the reset is timed by default.
Related violations: <none>

REQP-1840#18 Warning
RAMB18 async control check  
The RAMB18E1 color_instance/mario_jump_info/data_Out_reg has an input control pin color_instance/mario_jump_info/data_Out_reg/ADDRARDADDR[13] (net: color_instance/mario_jump_info/ADDRARDADDR[9]) which is driven by a register (jumpman_instance/JumpY_reg[6]) that has an active asychronous set or reset. This may cause corruption of the memory contents and/or read values when the set/reset is asserted and is not analyzed by the default static timing analysis. It is suggested to eliminate the use of a set/reset to registers driving this RAMB pin or else use a synchronous reset in which the assertion of the reset is timed by default.
Related violations: <none>

REQP-1840#19 Warning
RAMB18 async control check  
The RAMB18E1 color_instance/mario_jump_info/data_Out_reg has an input control pin color_instance/mario_jump_info/data_Out_reg/ADDRARDADDR[13] (net: color_instance/mario_jump_info/ADDRARDADDR[9]) which is driven by a register (jumpman_instance/JumpY_reg[7]) that has an active asychronous set or reset. This may cause corruption of the memory contents and/or read values when the set/reset is asserted and is not analyzed by the default static timing analysis. It is suggested to eliminate the use of a set/reset to registers driving this RAMB pin or else use a synchronous reset in which the assertion of the reset is timed by default.
Related violations: <none>

REQP-1840#20 Warning
RAMB18 async control check  
The RAMB18E1 color_instance/mario_jump_info/data_Out_reg has an input control pin color_instance/mario_jump_info/data_Out_reg/ADDRARDADDR[13] (net: color_instance/mario_jump_info/ADDRARDADDR[9]) which is driven by a register (vga/hc_reg[0]) that has an active asychronous set or reset. This may cause corruption of the memory contents and/or read values when the set/reset is asserted and is not analyzed by the default static timing analysis. It is suggested to eliminate the use of a set/reset to registers driving this RAMB pin or else use a synchronous reset in which the assertion of the reset is timed by default.
Related violations: <none>


